<?xml version="1.0" encoding="UTF-8"?>
<!-- Generated by org.testng.reporters.JUnitXMLReporter -->
<testsuite hostname="SHAW-LT00104s-MacBook-Pro.local" name="Default test" tests="2" failures="0" timestamp="22 May 2016 05:47:48 GMT" time="3.269" errors="0">
  <testcase name="@BeforeMethod beforeMethod" time="0.0" classname="com.shaw.TestCases.RunnerPartner">
    <failure type="org.testng.TestNGException" message="
Parameter &amp;apos;Partner_Name&amp;apos; is required by @Configuration on method beforeMethod but has not been marked @Optional or defined
in /private/var/folders/nr/969qz32j507flx8czz7_9zm00000gn/T/testng-eclipse--830887920/testng-customsuite.xml">
      <![CDATA[org.testng.TestNGException: 
Parameter 'Partner_Name' is required by @Configuration on method beforeMethod but has not been marked @Optional or defined
in /private/var/folders/nr/969qz32j507flx8czz7_9zm00000gn/T/testng-eclipse--830887920/testng-customsuite.xml
	at org.testng.internal.Parameters.createParameters(Parameters.java:154)
	at org.testng.internal.Parameters.createParameters(Parameters.java:361)
	at org.testng.internal.Parameters.createConfigurationParameters(Parameters.java:84)
	at org.testng.internal.Invoker.invokeConfigurations(Invoker.java:202)
	at org.testng.internal.Invoker.invokeMethod(Invoker.java:590)
	at org.testng.internal.Invoker.invokeTestMethod(Invoker.java:823)
	at org.testng.internal.Invoker.invokeTestMethods(Invoker.java:1131)
	at org.testng.internal.TestMethodWorker.invokeTestMethods(TestMethodWorker.java:129)
	at org.testng.internal.TestMethodWorker.run(TestMethodWorker.java:112)
	at org.testng.TestRunner.privateRun(TestRunner.java:778)
	at org.testng.TestRunner.run(TestRunner.java:632)
	at org.testng.SuiteRunner.runTest(SuiteRunner.java:366)
	at org.testng.SuiteRunner.runSequentially(SuiteRunner.java:361)
	at org.testng.SuiteRunner.privateRun(SuiteRunner.java:319)
	at org.testng.SuiteRunner.run(SuiteRunner.java:268)
	at org.testng.SuiteRunnerWorker.runSuite(SuiteRunnerWorker.java:52)
	at org.testng.SuiteRunnerWorker.run(SuiteRunnerWorker.java:86)
	at org.testng.TestNG.runSuitesSequentially(TestNG.java:1225)
	at org.testng.TestNG.runSuitesLocally(TestNG.java:1150)
	at org.testng.TestNG.runSuites(TestNG.java:1075)
	at org.testng.TestNG.run(TestNG.java:1047)
	at org.testng.remote.AbstractRemoteTestNG.run(AbstractRemoteTestNG.java:126)
	at org.testng.remote.RemoteTestNG.initAndRun(RemoteTestNG.java:137)
	at org.testng.remote.RemoteTestNG.main(RemoteTestNG.java:58)
]]>
    </failure>
  </testcase> <!-- @BeforeMethod beforeMethod -->
  <testcase name="@AfterMethod afterMethod" time="0.0" classname="com.shaw.TestCases.RunnerPartner">
    <skipped/>
  </testcase> <!-- @AfterMethod afterMethod -->
  <testcase name="@BeforeMethod beforeMethod" time="0.0" classname="com.shaw.TestCases.RunnerPartner">
    <skipped/>
  </testcase> <!-- @BeforeMethod beforeMethod -->
  <testcase name="@AfterMethod afterMethod" time="0.0" classname="com.shaw.TestCases.RunnerPartner">
    <skipped/>
  </testcase> <!-- @AfterMethod afterMethod -->
  <testcase name="@AfterClass afterClass" time="0.0" classname="com.shaw.TestCases.RunnerPartner">
    <skipped/>
  </testcase> <!-- @AfterClass afterClass -->
  <testcase name="First_Page_Registration" time="0.003" classname="com.shaw.TestCases.RunnerPartner">
    <skipped/>
  </testcase> <!-- First_Page_Registration -->
  <testcase name="First_Page_Registration" time="0.002" classname="com.shaw.TestCases.RunnerPartner">
    <skipped/>
  </testcase> <!-- First_Page_Registration -->
</testsuite> <!-- Default test -->
