<?xml version="1.0" encoding="UTF-8"?>
<!-- Generated by org.testng.reporters.JUnitXMLReporter -->
<testsuite hostname="SHAW-LT00104s-MacBook-Pro.local" name="Test" tests="2" failures="0" timestamp="22 May 2016 05:42:35 GMT" time="3.291" errors="0">
  <testcase name="@BeforeMethod beforeMethod" time="0.0" classname="com.shaw.TestCases.RunnerPartner">
    <failure type="org.testng.TestNGException" message="
Parameter &amp;apos;Partenr_Name&amp;apos; is required by @Configuration on method beforeMethod but has not been marked @Optional or defined
in /Users/shaw-lt00104/Desktop/Unused/Test_Shaw/testng.xml">
      <![CDATA[org.testng.TestNGException: 
Parameter 'Partenr_Name' is required by @Configuration on method beforeMethod but has not been marked @Optional or defined
in /Users/shaw-lt00104/Desktop/Unused/Test_Shaw/testng.xml
... Removed 24 stack frames]]>
    </failure>
  </testcase> <!-- @BeforeMethod beforeMethod -->
  <testcase name="@AfterMethod afterMethod" time="0.0" classname="com.shaw.TestCases.RunnerPartner">
    <skipped/>
  </testcase> <!-- @AfterMethod afterMethod -->
  <testcase name="@BeforeMethod beforeMethod" time="0.0" classname="com.shaw.TestCases.RunnerPartner">
    <skipped/>
  </testcase> <!-- @BeforeMethod beforeMethod -->
  <testcase name="@AfterMethod afterMethod" time="0.0" classname="com.shaw.TestCases.RunnerPartner">
    <skipped/>
  </testcase> <!-- @AfterMethod afterMethod -->
  <testcase name="@AfterClass afterClass" time="0.0" classname="com.shaw.TestCases.RunnerPartner">
    <skipped/>
  </testcase> <!-- @AfterClass afterClass -->
  <testcase name="First_Page_Registration" time="0.002" classname="com.shaw.TestCases.RunnerPartner">
    <skipped/>
  </testcase> <!-- First_Page_Registration -->
  <testcase name="First_Page_Registration" time="0.002" classname="com.shaw.TestCases.RunnerPartner">
    <skipped/>
  </testcase> <!-- First_Page_Registration -->
</testsuite> <!-- Test -->
